<?xml version="1.0" encoding="utf-8"?><testsuites name="pytest tests"><testsuite name="pytest" errors="0" failures="0" skipped="0" tests="20" time="5.413" timestamp="2026-04-17T11:28:10.299246+00:00" hostname="agent-env-51aff114-a0bc-4d37-b464-3a5ac870329b"><testcase classname="tests.test_api_endpoints.TestSessionManagement" name="test_create_session_returns_valid_data" time="0.153" /><testcase classname="tests.test_api_endpoints.TestSessionManagement" name="test_get_session_with_valid_code" time="0.243" /><testcase classname="tests.test_api_endpoints.TestSessionManagement" name="test_get_session_with_invalid_code_returns_404" time="0.107" /><testcase classname="tests.test_api_endpoints.TestPhrases" name="test_get_phrases_empty_initially" time="0.219" /><testcase classname="tests.test_api_endpoints.TestPhrases" name="test_get_phrases_with_since_iso_param" time="0.262" /><testcase classname="tests.test_api_endpoints.TestTranscribe" name="test_transcribe_with_small_audio_returns_skipped" time="0.232" /><testcase classname="tests.test_api_endpoints.TestTranscribe" name="test_transcribe_with_real_portuguese_audio" time="1.224" /><testcase classname="tests.test_api_endpoints.TestClearSession" name="test_clear_session_deletes_phrases" time="0.223" /><testcase classname="tests.test_api_endpoints.TestClearSession" name="test_clear_nonexistent_session_returns_404" time="0.104" /><testcase classname="tests.test_websocket.TestWebSocketConnection" name="test_websocket_connect_valid_session_sends_hello" time="0.303" /><testcase classname="tests.test_websocket.TestWebSocketConnection" name="test_websocket_connect_invalid_session_closes" time="0.162" /><testcase classname="tests.test_websocket.TestWebSocketBroadcast" name="test_websocket_broadcast_on_clear" time="0.411" /><testcase classname="tests.test_websocket.TestWebSocketBroadcast" name="test_websocket_broadcast_on_phrase_insert" time="0.307" /><testcase classname="tests.test_websocket.TestWebSocketRegressionEndpoints" name="test_create_session" time="0.104" /><testcase classname="tests.test_websocket.TestWebSocketRegressionEndpoints" name="test_get_session_valid" time="0.253" /><testcase classname="tests.test_websocket.TestWebSocketRegressionEndpoints" name="test_get_session_invalid_404" time="0.112" /><testcase classname="tests.test_websocket.TestWebSocketRegressionEndpoints" name="test_get_phrases_empty" time="0.215" /><testcase classname="tests.test_websocket.TestWebSocketRegressionEndpoints" name="test_transcribe_small_audio_skipped" time="0.221" /><testcase classname="tests.test_websocket.TestWebSocketRegressionEndpoints" name="test_clear_session" time="0.301" /><testcase classname="tests.test_websocket.TestWebSocketRegressionEndpoints" name="test_clear_invalid_session_404" time="0.111" /></testsuite></testsuites>