<?xml version="1.0" encoding="utf-8"?><testsuites name="pytest tests"><testsuite name="pytest" errors="0" failures="0" skipped="0" tests="11" time="2.635" timestamp="2026-04-17T11:14:05.246394+00:00" hostname="agent-env-51aff114-a0bc-4d37-b464-3a5ac870329b"><testcase classname="test_websocket.TestWebSocketConnection" name="test_websocket_connect_valid_session_sends_hello" time="0.401" /><testcase classname="test_websocket.TestWebSocketConnection" name="test_websocket_connect_invalid_session_closes" time="0.141" /><testcase classname="test_websocket.TestWebSocketBroadcast" name="test_websocket_broadcast_on_clear" time="0.388" /><testcase classname="test_websocket.TestWebSocketBroadcast" name="test_websocket_broadcast_on_phrase_insert" time="0.318" /><testcase classname="test_websocket.TestWebSocketRegressionEndpoints" name="test_create_session" time="0.114" /><testcase classname="test_websocket.TestWebSocketRegressionEndpoints" name="test_get_session_valid" time="0.243" /><testcase classname="test_websocket.TestWebSocketRegressionEndpoints" name="test_get_session_invalid_404" time="0.110" /><testcase classname="test_websocket.TestWebSocketRegressionEndpoints" name="test_get_phrases_empty" time="0.236" /><testcase classname="test_websocket.TestWebSocketRegressionEndpoints" name="test_transcribe_small_audio_skipped" time="0.212" /><testcase classname="test_websocket.TestWebSocketRegressionEndpoints" name="test_clear_session" time="0.204" /><testcase classname="test_websocket.TestWebSocketRegressionEndpoints" name="test_clear_invalid_session_404" time="0.126" /></testsuite></testsuites>