<?xml version="1.0" encoding="utf-8"?><testsuites name="pytest tests"><testsuite name="pytest" errors="0" failures="0" skipped="0" tests="9" time="4.147" timestamp="2026-04-17T11:03:14.366021+00:00" hostname="agent-env-51aff114-a0bc-4d37-b464-3a5ac870329b"><testcase classname="tests.test_api_endpoints.TestSessionManagement" name="test_create_session_returns_valid_data" time="0.247" /><testcase classname="tests.test_api_endpoints.TestSessionManagement" name="test_get_session_with_valid_code" time="0.221" /><testcase classname="tests.test_api_endpoints.TestSessionManagement" name="test_get_session_with_invalid_code_returns_404" time="0.111" /><testcase classname="tests.test_api_endpoints.TestPhrases" name="test_get_phrases_empty_initially" time="0.261" /><testcase classname="tests.test_api_endpoints.TestPhrases" name="test_get_phrases_with_since_iso_param" time="0.243" /><testcase classname="tests.test_api_endpoints.TestTranscribe" name="test_transcribe_with_small_audio_returns_skipped" time="0.245" /><testcase classname="tests.test_api_endpoints.TestTranscribe" name="test_transcribe_with_real_portuguese_audio" time="2.396" /><testcase classname="tests.test_api_endpoints.TestClearSession" name="test_clear_session_deletes_phrases" time="0.232" /><testcase classname="tests.test_api_endpoints.TestClearSession" name="test_clear_nonexistent_session_returns_404" time="0.105" /></testsuite></testsuites>